<?xml version="1.0" encoding="UTF-8"?>
<testsuite name="dominio.integracion.BibliotecarioTest" tests="5" skipped="0" failures="0" errors="0" timestamp="2018-05-21T20:38:24" hostname="Sarah" time="2.282">
  <properties/>
  <testcase name="prestarLibroNoDisponibleTest" classname="dominio.integracion.BibliotecarioTest" time="1.929"/>
  <testcase name="prestarLibroDeExhibicionTest" classname="dominio.integracion.BibliotecarioTest" time="0.066"/>
  <testcase name="prestarLibroSinFechaLimiteTest" classname="dominio.integracion.BibliotecarioTest" time="0.051"/>
  <testcase name="prestarLibroConFechaLimiteTest" classname="dominio.integracion.BibliotecarioTest" time="0.182"/>
  <testcase name="prestarLibroTest" classname="dominio.integracion.BibliotecarioTest" time="0.049"/>
  <system-out><![CDATA[Hibernate: drop table Libro if exists
Hibernate: drop table Prestamo if exists
Hibernate: drop sequence if exists hibernate_sequence
Hibernate: create sequence hibernate_sequence start with 1 increment by 1
Hibernate: create table Libro (id bigint not null, anio integer not null, isbn varchar(255) not null, titulo varchar(255) not null, primary key (id))
Hibernate: create table Prestamo (id bigint not null, fechaEntregaMaxima timestamp, fechaSolicitud timestamp, nombreUsuario varchar(255), ID_LIBRO bigint, primary key (id))
Hibernate: alter table Prestamo add constraint FKebssys3uu8dj3dxjok5epcvi0 foreign key (ID_LIBRO) references Libro
Hibernate: call next value for hibernate_sequence
Hibernate: insert into Libro (anio, isbn, titulo, id) values (?, ?, ?, ?)
Hibernate: select prestamoen0_.id as id1_1_, prestamoen0_.fechaEntregaMaxima as fechaEnt2_1_, prestamoen0_.fechaSolicitud as fechaSol3_1_, prestamoen0_.ID_LIBRO as ID_LIBRO5_1_, prestamoen0_.nombreUsuario as nombreUs4_1_ from Prestamo prestamoen0_ cross join Libro libroentit1_ where prestamoen0_.ID_LIBRO=libroentit1_.id and libroentit1_.isbn=?
Hibernate: select libroentit0_.id as id1_0_, libroentit0_.anio as anio2_0_, libroentit0_.isbn as isbn3_0_, libroentit0_.titulo as titulo4_0_ from Libro libroentit0_ where libroentit0_.isbn=?
Hibernate: select libroentit0_.id as id1_0_, libroentit0_.anio as anio2_0_, libroentit0_.isbn as isbn3_0_, libroentit0_.titulo as titulo4_0_ from Libro libroentit0_ where libroentit0_.isbn=?
Hibernate: call next value for hibernate_sequence
Hibernate: insert into Prestamo (fechaEntregaMaxima, fechaSolicitud, ID_LIBRO, nombreUsuario, id) values (?, ?, ?, ?, ?)
Hibernate: select prestamoen0_.id as id1_1_, prestamoen0_.fechaEntregaMaxima as fechaEnt2_1_, prestamoen0_.fechaSolicitud as fechaSol3_1_, prestamoen0_.ID_LIBRO as ID_LIBRO5_1_, prestamoen0_.nombreUsuario as nombreUs4_1_ from Prestamo prestamoen0_ cross join Libro libroentit1_ where prestamoen0_.ID_LIBRO=libroentit1_.id and libroentit1_.isbn=?
El libro no se encuentra disponible
Hibernate: drop table Libro if exists
Hibernate: drop table Prestamo if exists
Hibernate: drop sequence if exists hibernate_sequence
Hibernate: create sequence hibernate_sequence start with 1 increment by 1
Hibernate: create table Libro (id bigint not null, anio integer not null, isbn varchar(255) not null, titulo varchar(255) not null, primary key (id))
Hibernate: create table Prestamo (id bigint not null, fechaEntregaMaxima timestamp, fechaSolicitud timestamp, nombreUsuario varchar(255), ID_LIBRO bigint, primary key (id))
Hibernate: alter table Prestamo add constraint FKebssys3uu8dj3dxjok5epcvi0 foreign key (ID_LIBRO) references Libro
Hibernate: call next value for hibernate_sequence
Hibernate: insert into Libro (anio, isbn, titulo, id) values (?, ?, ?, ?)
Hibernate: select prestamoen0_.id as id1_1_, prestamoen0_.fechaEntregaMaxima as fechaEnt2_1_, prestamoen0_.fechaSolicitud as fechaSol3_1_, prestamoen0_.ID_LIBRO as ID_LIBRO5_1_, prestamoen0_.nombreUsuario as nombreUs4_1_ from Prestamo prestamoen0_ cross join Libro libroentit1_ where prestamoen0_.ID_LIBRO=libroentit1_.id and libroentit1_.isbn=?
los libros palíndromos solo se pueden utilizar en la biblioteca
Hibernate: drop table Libro if exists
Hibernate: drop table Prestamo if exists
Hibernate: drop sequence if exists hibernate_sequence
Hibernate: create sequence hibernate_sequence start with 1 increment by 1
Hibernate: create table Libro (id bigint not null, anio integer not null, isbn varchar(255) not null, titulo varchar(255) not null, primary key (id))
Hibernate: create table Prestamo (id bigint not null, fechaEntregaMaxima timestamp, fechaSolicitud timestamp, nombreUsuario varchar(255), ID_LIBRO bigint, primary key (id))
Hibernate: alter table Prestamo add constraint FKebssys3uu8dj3dxjok5epcvi0 foreign key (ID_LIBRO) references Libro
Hibernate: call next value for hibernate_sequence
Hibernate: insert into Libro (anio, isbn, titulo, id) values (?, ?, ?, ?)
Hibernate: select prestamoen0_.id as id1_1_, prestamoen0_.fechaEntregaMaxima as fechaEnt2_1_, prestamoen0_.fechaSolicitud as fechaSol3_1_, prestamoen0_.ID_LIBRO as ID_LIBRO5_1_, prestamoen0_.nombreUsuario as nombreUs4_1_ from Prestamo prestamoen0_ cross join Libro libroentit1_ where prestamoen0_.ID_LIBRO=libroentit1_.id and libroentit1_.isbn=?
Hibernate: select libroentit0_.id as id1_0_, libroentit0_.anio as anio2_0_, libroentit0_.isbn as isbn3_0_, libroentit0_.titulo as titulo4_0_ from Libro libroentit0_ where libroentit0_.isbn=?
Hibernate: select libroentit0_.id as id1_0_, libroentit0_.anio as anio2_0_, libroentit0_.isbn as isbn3_0_, libroentit0_.titulo as titulo4_0_ from Libro libroentit0_ where libroentit0_.isbn=?
Hibernate: call next value for hibernate_sequence
Hibernate: insert into Prestamo (fechaEntregaMaxima, fechaSolicitud, ID_LIBRO, nombreUsuario, id) values (?, ?, ?, ?, ?)
Hibernate: select prestamoen0_.id as id1_1_, prestamoen0_.fechaEntregaMaxima as fechaEnt2_1_, prestamoen0_.fechaSolicitud as fechaSol3_1_, prestamoen0_.ID_LIBRO as ID_LIBRO5_1_, prestamoen0_.nombreUsuario as nombreUs4_1_ from Prestamo prestamoen0_ cross join Libro libroentit1_ where prestamoen0_.ID_LIBRO=libroentit1_.id and libroentit1_.isbn=?
Hibernate: select prestamoen0_.id as id1_1_, prestamoen0_.fechaEntregaMaxima as fechaEnt2_1_, prestamoen0_.fechaSolicitud as fechaSol3_1_, prestamoen0_.ID_LIBRO as ID_LIBRO5_1_, prestamoen0_.nombreUsuario as nombreUs4_1_ from Prestamo prestamoen0_ cross join Libro libroentit1_ where prestamoen0_.ID_LIBRO=libroentit1_.id and libroentit1_.isbn=?
Hibernate: select prestamoen0_.id as id1_1_, prestamoen0_.fechaEntregaMaxima as fechaEnt2_1_, prestamoen0_.fechaSolicitud as fechaSol3_1_, prestamoen0_.ID_LIBRO as ID_LIBRO5_1_, prestamoen0_.nombreUsuario as nombreUs4_1_ from Prestamo prestamoen0_ cross join Libro libroentit1_ where prestamoen0_.ID_LIBRO=libroentit1_.id and libroentit1_.isbn=?
Hibernate: drop table Libro if exists
Hibernate: drop table Prestamo if exists
Hibernate: drop sequence if exists hibernate_sequence
Hibernate: create sequence hibernate_sequence start with 1 increment by 1
Hibernate: create table Libro (id bigint not null, anio integer not null, isbn varchar(255) not null, titulo varchar(255) not null, primary key (id))
Hibernate: create table Prestamo (id bigint not null, fechaEntregaMaxima timestamp, fechaSolicitud timestamp, nombreUsuario varchar(255), ID_LIBRO bigint, primary key (id))
Hibernate: alter table Prestamo add constraint FKebssys3uu8dj3dxjok5epcvi0 foreign key (ID_LIBRO) references Libro
Hibernate: call next value for hibernate_sequence
Hibernate: insert into Libro (anio, isbn, titulo, id) values (?, ?, ?, ?)
Hibernate: select prestamoen0_.id as id1_1_, prestamoen0_.fechaEntregaMaxima as fechaEnt2_1_, prestamoen0_.fechaSolicitud as fechaSol3_1_, prestamoen0_.ID_LIBRO as ID_LIBRO5_1_, prestamoen0_.nombreUsuario as nombreUs4_1_ from Prestamo prestamoen0_ cross join Libro libroentit1_ where prestamoen0_.ID_LIBRO=libroentit1_.id and libroentit1_.isbn=?
Hibernate: select libroentit0_.id as id1_0_, libroentit0_.anio as anio2_0_, libroentit0_.isbn as isbn3_0_, libroentit0_.titulo as titulo4_0_ from Libro libroentit0_ where libroentit0_.isbn=?
Hibernate: select libroentit0_.id as id1_0_, libroentit0_.anio as anio2_0_, libroentit0_.isbn as isbn3_0_, libroentit0_.titulo as titulo4_0_ from Libro libroentit0_ where libroentit0_.isbn=?
Hibernate: call next value for hibernate_sequence
Hibernate: insert into Prestamo (fechaEntregaMaxima, fechaSolicitud, ID_LIBRO, nombreUsuario, id) values (?, ?, ?, ?, ?)
Hibernate: select prestamoen0_.id as id1_1_, prestamoen0_.fechaEntregaMaxima as fechaEnt2_1_, prestamoen0_.fechaSolicitud as fechaSol3_1_, prestamoen0_.ID_LIBRO as ID_LIBRO5_1_, prestamoen0_.nombreUsuario as nombreUs4_1_ from Prestamo prestamoen0_ cross join Libro libroentit1_ where prestamoen0_.ID_LIBRO=libroentit1_.id and libroentit1_.isbn=?
Hibernate: select prestamoen0_.id as id1_1_, prestamoen0_.fechaEntregaMaxima as fechaEnt2_1_, prestamoen0_.fechaSolicitud as fechaSol3_1_, prestamoen0_.ID_LIBRO as ID_LIBRO5_1_, prestamoen0_.nombreUsuario as nombreUs4_1_ from Prestamo prestamoen0_ cross join Libro libroentit1_ where prestamoen0_.ID_LIBRO=libroentit1_.id and libroentit1_.isbn=?
Hibernate: select prestamoen0_.id as id1_1_, prestamoen0_.fechaEntregaMaxima as fechaEnt2_1_, prestamoen0_.fechaSolicitud as fechaSol3_1_, prestamoen0_.ID_LIBRO as ID_LIBRO5_1_, prestamoen0_.nombreUsuario as nombreUs4_1_ from Prestamo prestamoen0_ cross join Libro libroentit1_ where prestamoen0_.ID_LIBRO=libroentit1_.id and libroentit1_.isbn=?
Hibernate: drop table Libro if exists
Hibernate: drop table Prestamo if exists
Hibernate: drop sequence if exists hibernate_sequence
Hibernate: create sequence hibernate_sequence start with 1 increment by 1
Hibernate: create table Libro (id bigint not null, anio integer not null, isbn varchar(255) not null, titulo varchar(255) not null, primary key (id))
Hibernate: create table Prestamo (id bigint not null, fechaEntregaMaxima timestamp, fechaSolicitud timestamp, nombreUsuario varchar(255), ID_LIBRO bigint, primary key (id))
Hibernate: alter table Prestamo add constraint FKebssys3uu8dj3dxjok5epcvi0 foreign key (ID_LIBRO) references Libro
Hibernate: call next value for hibernate_sequence
Hibernate: insert into Libro (anio, isbn, titulo, id) values (?, ?, ?, ?)
Hibernate: select prestamoen0_.id as id1_1_, prestamoen0_.fechaEntregaMaxima as fechaEnt2_1_, prestamoen0_.fechaSolicitud as fechaSol3_1_, prestamoen0_.ID_LIBRO as ID_LIBRO5_1_, prestamoen0_.nombreUsuario as nombreUs4_1_ from Prestamo prestamoen0_ cross join Libro libroentit1_ where prestamoen0_.ID_LIBRO=libroentit1_.id and libroentit1_.isbn=?
Hibernate: select libroentit0_.id as id1_0_, libroentit0_.anio as anio2_0_, libroentit0_.isbn as isbn3_0_, libroentit0_.titulo as titulo4_0_ from Libro libroentit0_ where libroentit0_.isbn=?
Hibernate: select libroentit0_.id as id1_0_, libroentit0_.anio as anio2_0_, libroentit0_.isbn as isbn3_0_, libroentit0_.titulo as titulo4_0_ from Libro libroentit0_ where libroentit0_.isbn=?
Hibernate: call next value for hibernate_sequence
Hibernate: insert into Prestamo (fechaEntregaMaxima, fechaSolicitud, ID_LIBRO, nombreUsuario, id) values (?, ?, ?, ?, ?)
Hibernate: select prestamoen0_.id as id1_1_, prestamoen0_.fechaEntregaMaxima as fechaEnt2_1_, prestamoen0_.fechaSolicitud as fechaSol3_1_, prestamoen0_.ID_LIBRO as ID_LIBRO5_1_, prestamoen0_.nombreUsuario as nombreUs4_1_ from Prestamo prestamoen0_ cross join Libro libroentit1_ where prestamoen0_.ID_LIBRO=libroentit1_.id and libroentit1_.isbn=?
Hibernate: select prestamoen0_.id as id1_1_, prestamoen0_.fechaEntregaMaxima as fechaEnt2_1_, prestamoen0_.fechaSolicitud as fechaSol3_1_, prestamoen0_.ID_LIBRO as ID_LIBRO5_1_, prestamoen0_.nombreUsuario as nombreUs4_1_ from Prestamo prestamoen0_ cross join Libro libroentit1_ where prestamoen0_.ID_LIBRO=libroentit1_.id and libroentit1_.isbn=?
Hibernate: select prestamoen0_.id as id1_1_, prestamoen0_.fechaEntregaMaxima as fechaEnt2_1_, prestamoen0_.fechaSolicitud as fechaSol3_1_, prestamoen0_.ID_LIBRO as ID_LIBRO5_1_, prestamoen0_.nombreUsuario as nombreUs4_1_ from Prestamo prestamoen0_ cross join Libro libroentit1_ where prestamoen0_.ID_LIBRO=libroentit1_.id and libroentit1_.isbn=?
]]></system-out>
  <system-err><![CDATA[log4j:WARN No appenders could be found for logger (org.jboss.logging).
log4j:WARN Please initialize the log4j system properly.
log4j:WARN See http://logging.apache.org/log4j/1.2/faq.html#noconfig for more info.
]]></system-err>
</testsuite>
